# JRE version: OpenJDK Runtime Environment Corretto-17.0.9.8.1 (17.0.9+8) (build 17.0.9+8-LTS)
# Java VM: OpenJDK 64-Bit Server VM Corretto-17.0.9.8.1 (17.0.9+8-LTS, mixed mode, sharing, tiered, compressed oops, compressed class ptrs, g1 gc, windows-amd64)
GC Precious Log:
 CPUs: 16 total, 16 available
 Memory: 16098M
 Large Page Support: Disabled
 NUMA Support: Disabled
 Compressed Oops: Enabled (Zero based)
 Heap Region Size: 2M
 Heap Min Capacity: 8M
 Heap Initial Capacity: 252M
 Heap Max Capacity: 4026M
 Pre-touch: Disabled
 Parallel Workers: 13
 Concurrent Workers: 3
 Concurrent Refinement Workers: 13
 Periodic GC: Disabled
Heap:
 garbage-first heap   total 204800K, used 97122K [0x0000000704600000, 0x0000000800000000)
  region size 2048K, 22 young (45056K), 2 survivors (4096K)
 Metaspace       used 52953K, committed 53248K, reserved 1114112K
  class space    used 6202K, committed 6336K, reserved 1048576K
GC Heap History (20 events):
Event: 1.511 GC heap before
{Heap before GC invocations=2 (full 0):
 garbage-first heap   total 258048K, used 45066K [0x0000000704600000, 0x0000000800000000)
  region size 2048K, 19 young (38912K), 3 survivors (6144K)
 Metaspace       used 21273K, committed 21504K, reserved 1114112K
  class space    used 2639K, committed 2752K, reserved 1048576K
}
Event: 1.518 GC heap after
{Heap after GC invocations=3 (full 0):
 garbage-first heap   total 258048K, used 16963K [0x0000000704600000, 0x0000000800000000)
  region size 2048K, 5 young (10240K), 5 survivors (10240K)
 Metaspace       used 21273K, committed 21504K, reserved 1114112K
  class space    used 2639K, committed 2752K, reserved 1048576K
}
Event: 2.026 GC heap before
{Heap before GC invocations=4 (full 0):
 garbage-first heap   total 75776K, used 53827K [0x0000000704600000, 0x0000000800000000)
  region size 2048K, 22 young (45056K), 5 survivors (10240K)
 Metaspace       used 26264K, committed 26560K, reserved 1114112K
  class space    used 3470K, committed 3584K, reserved 1048576K
}
Event: 2.041 GC heap after
{Heap after GC invocations=5 (full 0):
 garbage-first heap   total 75776K, used 24638K [0x0000000704600000, 0x0000000800000000)
  region size 2048K, 3 young (6144K), 3 survivors (6144K)
 Metaspace       used 26264K, committed 26560K, reserved 1114112K
  class space    used 3470K, committed 3584K, reserved 1048576K
}
Event: 2.070 GC heap before
{Heap before GC invocations=5 (full 0):
 garbage-first heap   total 75776K, used 26686K [0x0000000704600000, 0x0000000800000000)
  region size 2048K, 4 young (8192K), 3 survivors (6144K)
 Metaspace       used 26587K, committed 26880K, reserved 1114112K
  class space    used 3506K, committed 3648K, reserved 1048576K
}
Event: 2.077 GC heap after
{Heap after GC invocations=6 (full 0):
 garbage-first heap   total 75776K, used 26136K [0x0000000704600000, 0x0000000800000000)
  region size 2048K, 1 young (2048K), 1 survivors (2048K)
 Metaspace       used 26587K, committed 26880K, reserved 1114112K
  class space    used 3506K, committed 3648K, reserved 1048576K
}
Event: 2.405 GC heap before
{Heap before GC invocations=6 (full 0):
 garbage-first heap   total 75776K, used 52760K [0x0000000704600000, 0x0000000800000000)
  region size 2048K, 14 young (28672K), 1 survivors (2048K)
 Metaspace       used 31374K, committed 31616K, reserved 1114112K
  class space    used 3973K, committed 4096K, reserved 1048576K
}
Event: 2.411 GC heap after
{Heap after GC invocations=7 (full 0):
 garbage-first heap   total 75776K, used 26611K [0x0000000704600000, 0x0000000800000000)
  region size 2048K, 2 young (4096K), 2 survivors (4096K)
 Metaspace       used 31374K, committed 31616K, reserved 1114112K
  class space    used 3973K, committed 4096K, reserved 1048576K
}
Event: 2.694 GC heap before
{Heap before GC invocations=7 (full 0):
 garbage-first heap   total 75776K, used 45043K [0x0000000704600000, 0x0000000800000000)
  region size 2048K, 12 young (24576K), 2 survivors (4096K)
 Metaspace       used 35862K, committed 36096K, reserved 1114112K
  class space    used 4411K, committed 4544K, reserved 1048576K
}
Event: 2.701 GC heap after
{Heap after GC invocations=8 (full 0):
 garbage-first heap   total 143360K, used 28501K [0x0000000704600000, 0x0000000800000000)
  region size 2048K, 1 young (2048K), 1 survivors (2048K)
 Metaspace       used 35862K, committed 36096K, reserved 1114112K
  class space    used 4411K, committed 4544K, reserved 1048576K
}
Event: 3.537 GC heap before
{Heap before GC invocations=9 (full 0):
 garbage-first heap   total 102400K, used 87893K [0x0000000704600000, 0x0000000800000000)
  region size 2048K, 30 young (61440K), 1 survivors (2048K)
 Metaspace       used 40822K, committed 41088K, reserved 1114112K
  class space    used 4941K, committed 5056K, reserved 1048576K
}
Event: 3.555 GC heap after
{Heap after GC invocations=10 (full 0):
 garbage-first heap   total 102400K, used 38363K [0x0000000704600000, 0x0000000800000000)
  region size 2048K, 5 young (10240K), 5 survivors (10240K)
 Metaspace       used 40822K, committed 41088K, reserved 1114112K
  class space    used 4941K, committed 5056K, reserved 1048576K
}
Event: 3.557 GC heap before
{Heap before GC invocations=10 (full 0):
 garbage-first heap   total 102400K, used 40411K [0x0000000704600000, 0x0000000800000000)
  region size 2048K, 6 young (12288K), 5 survivors (10240K)
 Metaspace       used 40822K, committed 41088K, reserved 1114112K
  class space    used 4941K, committed 5056K, reserved 1048576K
}
Event: 3.571 GC heap after
{Heap after GC invocations=11 (full 0):
 garbage-first heap   total 102400K, used 39245K [0x0000000704600000, 0x0000000800000000)
  region size 2048K, 1 young (2048K), 1 survivors (2048K)
 Metaspace       used 40822K, committed 41088K, reserved 1114112K
  class space    used 4941K, committed 5056K, reserved 1048576K
}
Event: 4.497 GC heap before
{Heap before GC invocations=11 (full 0):
 garbage-first heap   total 102400K, used 76109K [0x0000000704600000, 0x0000000800000000)
  region size 2048K, 19 young (38912K), 1 survivors (2048K)
 Metaspace       used 46947K, committed 47232K, reserved 1114112K
  class space    used 5574K, committed 5696K, reserved 1048576K
}
Event: 4.516 GC heap after
{Heap after GC invocations=12 (full 0):
 garbage-first heap   total 102400K, used 45703K [0x0000000704600000, 0x0000000800000000)
  region size 2048K, 3 young (6144K), 3 survivors (6144K)
 Metaspace       used 46947K, committed 47232K, reserved 1114112K
  class space    used 5574K, committed 5696K, reserved 1048576K
}
Event: 5.222 GC heap before
{Heap before GC invocations=12 (full 0):
 garbage-first heap   total 102400K, used 76423K [0x0000000704600000, 0x0000000800000000)
  region size 2048K, 18 young (36864K), 3 survivors (6144K)
 Metaspace       used 50435K, committed 50752K, reserved 1114112K
  class space    used 6009K, committed 6144K, reserved 1048576K
}
Event: 5.239 GC heap after
{Heap after GC invocations=13 (full 0):
 garbage-first heap   total 102400K, used 51116K [0x0000000704600000, 0x0000000800000000)
  region size 2048K, 3 young (6144K), 3 survivors (6144K)
 Metaspace       used 50435K, committed 50752K, reserved 1114112K
  class space    used 6009K, committed 6144K, reserved 1048576K
}
Event: 6.113 GC heap before
{Heap before GC invocations=13 (full 0):
 garbage-first heap   total 102400K, used 77740K [0x0000000704600000, 0x0000000800000000)
  region size 2048K, 16 young (32768K), 3 survivors (6144K)
 Metaspace       used 51718K, committed 52032K, reserved 1114112K
  class space    used 6103K, committed 6208K, reserved 1048576K
}
Event: 6.134 GC heap after
{Heap after GC invocations=14 (full 0):
 garbage-first heap   total 270336K, used 58210K [0x0000000704600000, 0x0000000800000000)
  region size 2048K, 2 young (4096K), 2 survivors (4096K)
 Metaspace       used 51718K, committed 52032K, reserved 1114112K
  class space    used 6103K, committed 6208K, reserved 1048576K
}

