# JRE version: OpenJDK Runtime Environment Corretto-17.0.9.8.1 (17.0.9+8) (build 17.0.9+8-LTS)
# Java VM: OpenJDK 64-Bit Server VM Corretto-17.0.9.8.1 (17.0.9+8-LTS, mixed mode, sharing, tiered, compressed oops, compressed class ptrs, g1 gc, windows-amd64)
GC Precious Log:
 CPUs: 16 total, 16 available
 Memory: 16098M
 Large Page Support: Disabled
 NUMA Support: Disabled
 Compressed Oops: Enabled (Zero based)
 Heap Region Size: 2M
 Heap Min Capacity: 8M
 Heap Initial Capacity: 252M
 Heap Max Capacity: 4026M
 Pre-touch: Disabled
 Parallel Workers: 13
 Concurrent Workers: 3
 Concurrent Refinement Workers: 13
 Periodic GC: Disabled
Heap:
 garbage-first heap   total 225280K, used 64650K [0x0000000704600000, 0x0000000800000000)
  region size 2048K, 2 young (4096K), 2 survivors (4096K)
 Metaspace       used 53005K, committed 53312K, reserved 1114112K
  class space    used 6202K, committed 6336K, reserved 1048576K
GC Heap History (20 events):
Event: 2.371 GC heap after
{Heap after GC invocations=6 (full 0):
 garbage-first heap   total 73728K, used 26294K [0x0000000704600000, 0x0000000800000000)
  region size 2048K, 2 young (4096K), 2 survivors (4096K)
 Metaspace       used 30350K, committed 30656K, reserved 1114112K
  class space    used 3904K, committed 4032K, reserved 1048576K
}
Event: 2.693 GC heap before
{Heap before GC invocations=6 (full 0):
 garbage-first heap   total 73728K, used 46774K [0x0000000704600000, 0x0000000800000000)
  region size 2048K, 14 young (28672K), 2 survivors (4096K)
 Metaspace       used 35862K, committed 36096K, reserved 1114112K
  class space    used 4412K, committed 4544K, reserved 1048576K
}
Event: 2.698 GC heap after
{Heap after GC invocations=7 (full 0):
 garbage-first heap   total 73728K, used 28895K [0x0000000704600000, 0x0000000800000000)
  region size 2048K, 2 young (4096K), 2 survivors (4096K)
 Metaspace       used 35862K, committed 36096K, reserved 1114112K
  class space    used 4412K, committed 4544K, reserved 1048576K
}
Event: 3.235 GC heap before
{Heap before GC invocations=8 (full 0):
 garbage-first heap   total 73728K, used 55519K [0x0000000704600000, 0x0000000800000000)
  region size 2048K, 14 young (28672K), 2 survivors (4096K)
 Metaspace       used 39254K, committed 39552K, reserved 1114112K
  class space    used 4780K, committed 4928K, reserved 1048576K
}
Event: 3.248 GC heap after
{Heap after GC invocations=9 (full 0):
 garbage-first heap   total 73728K, used 35251K [0x0000000704600000, 0x0000000800000000)
  region size 2048K, 2 young (4096K), 2 survivors (4096K)
 Metaspace       used 39254K, committed 39552K, reserved 1114112K
  class space    used 4780K, committed 4928K, reserved 1048576K
}
Event: 3.480 GC heap before
{Heap before GC invocations=9 (full 0):
 garbage-first heap   total 73728K, used 51635K [0x0000000704600000, 0x0000000800000000)
  region size 2048K, 11 young (22528K), 2 survivors (4096K)
 Metaspace       used 40802K, committed 41088K, reserved 1114112K
  class space    used 4942K, committed 5056K, reserved 1048576K
}
Event: 3.491 GC heap after
{Heap after GC invocations=10 (full 0):
 garbage-first heap   total 73728K, used 39363K [0x0000000704600000, 0x0000000800000000)
  region size 2048K, 2 young (4096K), 2 survivors (4096K)
 Metaspace       used 40802K, committed 41088K, reserved 1114112K
  class space    used 4942K, committed 5056K, reserved 1048576K
}
Event: 3.542 GC heap before
{Heap before GC invocations=10 (full 0):
 garbage-first heap   total 73728K, used 55747K [0x0000000704600000, 0x0000000800000000)
  region size 2048K, 10 young (20480K), 2 survivors (4096K)
 Metaspace       used 40832K, committed 41088K, reserved 1114112K
  class space    used 4942K, committed 5056K, reserved 1048576K
}
Event: 3.548 GC heap after
{Heap after GC invocations=11 (full 0):
 garbage-first heap   total 100352K, used 40488K [0x0000000704600000, 0x0000000800000000)
  region size 2048K, 1 young (2048K), 1 survivors (2048K)
 Metaspace       used 40832K, committed 41088K, reserved 1114112K
  class space    used 4942K, committed 5056K, reserved 1048576K
}
Event: 4.499 GC heap before
{Heap before GC invocations=12 (full 0):
 garbage-first heap   total 100352K, used 77352K [0x0000000704600000, 0x0000000800000000)
  region size 2048K, 19 young (38912K), 1 survivors (2048K)
 Metaspace       used 46950K, committed 47232K, reserved 1114112K
  class space    used 5574K, committed 5696K, reserved 1048576K
}
Event: 4.517 GC heap after
{Heap after GC invocations=13 (full 0):
 garbage-first heap   total 100352K, used 45694K [0x0000000704600000, 0x0000000800000000)
  region size 2048K, 3 young (6144K), 3 survivors (6144K)
 Metaspace       used 46950K, committed 47232K, reserved 1114112K
  class space    used 5574K, committed 5696K, reserved 1048576K
}
Event: 4.525 GC heap before
{Heap before GC invocations=13 (full 0):
 garbage-first heap   total 100352K, used 47742K [0x0000000704600000, 0x0000000800000000)
  region size 2048K, 4 young (8192K), 3 survivors (6144K)
 Metaspace       used 46957K, committed 47232K, reserved 1114112K
  class space    used 5574K, committed 5696K, reserved 1048576K
}
Event: 4.541 GC heap after
{Heap after GC invocations=14 (full 0):
 garbage-first heap   total 100352K, used 45684K [0x0000000704600000, 0x0000000800000000)
  region size 2048K, 1 young (2048K), 1 survivors (2048K)
 Metaspace       used 46957K, committed 47232K, reserved 1114112K
  class space    used 5574K, committed 5696K, reserved 1048576K
}
Event: 5.316 GC heap before
{Heap before GC invocations=14 (full 0):
 garbage-first heap   total 100352K, used 76404K [0x0000000704600000, 0x0000000800000000)
  region size 2048K, 16 young (32768K), 1 survivors (2048K)
 Metaspace       used 50711K, committed 50944K, reserved 1114112K
  class space    used 6047K, committed 6144K, reserved 1048576K
}
Event: 5.330 GC heap after
{Heap after GC invocations=15 (full 0):
 garbage-first heap   total 100352K, used 50216K [0x0000000704600000, 0x0000000800000000)
  region size 2048K, 2 young (4096K), 2 survivors (4096K)
 Metaspace       used 50711K, committed 50944K, reserved 1114112K
  class space    used 6047K, committed 6144K, reserved 1048576K
}
Event: 6.160 GC heap before
{Heap before GC invocations=15 (full 0):
 garbage-first heap   total 100352K, used 76840K [0x0000000704600000, 0x0000000800000000)
  region size 2048K, 15 young (30720K), 2 survivors (4096K)
 Metaspace       used 52018K, committed 52352K, reserved 1114112K
  class space    used 6145K, committed 6272K, reserved 1048576K
}
Event: 6.183 GC heap after
{Heap after GC invocations=16 (full 0):
 garbage-first heap   total 100352K, used 57231K [0x0000000704600000, 0x0000000800000000)
  region size 2048K, 2 young (4096K), 2 survivors (4096K)
 Metaspace       used 52018K, committed 52352K, reserved 1114112K
  class space    used 6145K, committed 6272K, reserved 1048576K
}
Event: 6.515 GC heap before
{Heap before GC invocations=17 (full 0):
 garbage-first heap   total 100352K, used 77711K [0x0000000704600000, 0x0000000800000000)
  region size 2048K, 12 young (24576K), 2 survivors (4096K)
 Metaspace       used 52786K, committed 53120K, reserved 1114112K
  class space    used 6184K, committed 6336K, reserved 1048576K
}
Event: 6.530 GC heap after
{Heap after GC invocations=18 (full 0):
 garbage-first heap   total 100352K, used 61323K [0x0000000704600000, 0x0000000800000000)
  region size 2048K, 2 young (4096K), 2 survivors (4096K)
 Metaspace       used 52786K, committed 53120K, reserved 1114112K
  class space    used 6184K, committed 6336K, reserved 1048576K
}
Event: 6.744 GC heap before
{Heap before GC invocations=18 (full 0):
 garbage-first heap   total 100352K, used 79755K [0x0000000704600000, 0x0000000800000000)
  region size 2048K, 11 young (22528K), 2 survivors (4096K)
 Metaspace       used 53005K, committed 53312K, reserved 1114112K
  class space    used 6202K, committed 6336K, reserved 1048576K
}

