# JRE version: OpenJDK Runtime Environment Corretto-17.0.9.8.1 (17.0.9+8) (build 17.0.9+8-LTS)
# Java VM: OpenJDK 64-Bit Server VM Corretto-17.0.9.8.1 (17.0.9+8-LTS, mixed mode, sharing, tiered, compressed oops, compressed class ptrs, g1 gc, windows-amd64)
GC Precious Log:
 CPUs: 16 total, 16 available
 Memory: 16098M
 Large Page Support: Disabled
 NUMA Support: Disabled
 Compressed Oops: Enabled (32-bit)
 Heap Region Size: 1M
 Heap Min Capacity: 8M
 Heap Initial Capacity: 252M
 Heap Max Capacity: 2G
 Pre-touch: Disabled
 Parallel Workers: 13
 Concurrent Workers: 3
 Concurrent Refinement Workers: 13
 Periodic GC: Disabled
Heap:
 garbage-first heap   total 203776K, used 110499K [0x0000000080000000, 0x0000000100000000)
  region size 1024K, 33 young (33792K), 9 survivors (9216K)
 Metaspace       used 72529K, committed 73216K, reserved 1114112K
  class space    used 9813K, committed 10176K, reserved 1048576K
GC Heap History (20 events):
Event: 14.175 GC heap before
{Heap before GC invocations=11 (full 0):
 garbage-first heap   total 103424K, used 78773K [0x0000000080000000, 0x0000000100000000)
  region size 1024K, 47 young (48128K), 6 survivors (6144K)
 Metaspace       used 50945K, committed 51456K, reserved 1114112K
  class space    used 6986K, committed 7232K, reserved 1048576K
}
Event: 14.179 GC heap after
{Heap after GC invocations=12 (full 0):
 garbage-first heap   total 103424K, used 41589K [0x0000000080000000, 0x0000000100000000)
  region size 1024K, 6 young (6144K), 6 survivors (6144K)
 Metaspace       used 50945K, committed 51456K, reserved 1114112K
  class space    used 6986K, committed 7232K, reserved 1048576K
}
Event: 16.292 GC heap before
{Heap before GC invocations=12 (full 0):
 garbage-first heap   total 103424K, used 71285K [0x0000000080000000, 0x0000000100000000)
  region size 1024K, 29 young (29696K), 6 survivors (6144K)
 Metaspace       used 51523K, committed 52032K, reserved 1114112K
  class space    used 7039K, committed 7296K, reserved 1048576K
}
Event: 16.296 GC heap after
{Heap after GC invocations=13 (full 0):
 garbage-first heap   total 103424K, used 55210K [0x0000000080000000, 0x0000000100000000)
  region size 1024K, 6 young (6144K), 6 survivors (6144K)
 Metaspace       used 51523K, committed 52032K, reserved 1114112K
  class space    used 7039K, committed 7296K, reserved 1048576K
}
Event: 17.646 GC heap before
{Heap before GC invocations=14 (full 0):
 garbage-first heap   total 103424K, used 84906K [0x0000000080000000, 0x0000000100000000)
  region size 1024K, 30 young (30720K), 6 survivors (6144K)
 Metaspace       used 52960K, committed 53504K, reserved 1114112K
  class space    used 7229K, committed 7488K, reserved 1048576K
}
Event: 17.649 GC heap after
{Heap after GC invocations=15 (full 0):
 garbage-first heap   total 103424K, used 66807K [0x0000000080000000, 0x0000000100000000)
  region size 1024K, 4 young (4096K), 4 survivors (4096K)
 Metaspace       used 52960K, committed 53504K, reserved 1114112K
  class space    used 7229K, committed 7488K, reserved 1048576K
}
Event: 17.656 GC heap before
{Heap before GC invocations=15 (full 0):
 garbage-first heap   total 103424K, used 67831K [0x0000000080000000, 0x0000000100000000)
  region size 1024K, 5 young (5120K), 4 survivors (4096K)
 Metaspace       used 53031K, committed 53568K, reserved 1114112K
  class space    used 7243K, committed 7488K, reserved 1048576K
}
Event: 17.658 GC heap after
{Heap after GC invocations=16 (full 0):
 garbage-first heap   total 103424K, used 66731K [0x0000000080000000, 0x0000000100000000)
  region size 1024K, 1 young (1024K), 1 survivors (1024K)
 Metaspace       used 53031K, committed 53568K, reserved 1114112K
  class space    used 7243K, committed 7488K, reserved 1048576K
}
Event: 17.787 GC heap before
{Heap before GC invocations=16 (full 0):
 garbage-first heap   total 103424K, used 82091K [0x0000000080000000, 0x0000000100000000)
  region size 1024K, 17 young (17408K), 1 survivors (1024K)
 Metaspace       used 54459K, committed 55040K, reserved 1114112K
  class space    used 7448K, committed 7744K, reserved 1048576K
}
Event: 17.789 GC heap after
{Heap after GC invocations=17 (full 0):
 garbage-first heap   total 103424K, used 67040K [0x0000000080000000, 0x0000000100000000)
  region size 1024K, 1 young (1024K), 1 survivors (1024K)
 Metaspace       used 54459K, committed 55040K, reserved 1114112K
  class space    used 7448K, committed 7744K, reserved 1048576K
}
Event: 17.932 GC heap before
{Heap before GC invocations=18 (full 0):
 garbage-first heap   total 117760K, used 83424K [0x0000000080000000, 0x0000000100000000)
  region size 1024K, 17 young (17408K), 1 survivors (1024K)
 Metaspace       used 56164K, committed 56640K, reserved 1114112K
  class space    used 7627K, committed 7872K, reserved 1048576K
}
Event: 17.934 GC heap after
{Heap after GC invocations=19 (full 0):
 garbage-first heap   total 117760K, used 67358K [0x0000000080000000, 0x0000000100000000)
  region size 1024K, 1 young (1024K), 1 survivors (1024K)
 Metaspace       used 56164K, committed 56640K, reserved 1114112K
  class space    used 7627K, committed 7872K, reserved 1048576K
}
Event: 17.960 GC heap before
{Heap before GC invocations=19 (full 0):
 garbage-first heap   total 117760K, used 71454K [0x0000000080000000, 0x0000000100000000)
  region size 1024K, 5 young (5120K), 1 survivors (1024K)
 Metaspace       used 56557K, committed 57088K, reserved 1114112K
  class space    used 7681K, committed 7936K, reserved 1048576K
}
Event: 17.963 GC heap after
{Heap after GC invocations=20 (full 0):
 garbage-first heap   total 203776K, used 67371K [0x0000000080000000, 0x0000000100000000)
  region size 1024K, 1 young (1024K), 1 survivors (1024K)
 Metaspace       used 56557K, committed 57088K, reserved 1114112K
  class space    used 7681K, committed 7936K, reserved 1048576K
}
Event: 18.533 GC heap before
{Heap before GC invocations=20 (full 0):
 garbage-first heap   total 203776K, used 144171K [0x0000000080000000, 0x0000000100000000)
  region size 1024K, 70 young (71680K), 1 survivors (1024K)
 Metaspace       used 61527K, committed 62144K, reserved 1114112K
  class space    used 8377K, committed 8704K, reserved 1048576K
}
Event: 18.536 GC heap after
{Heap after GC invocations=21 (full 0):
 garbage-first heap   total 203776K, used 73133K [0x0000000080000000, 0x0000000100000000)
  region size 1024K, 7 young (7168K), 7 survivors (7168K)
 Metaspace       used 61527K, committed 62144K, reserved 1114112K
  class space    used 8377K, committed 8704K, reserved 1048576K
}
Event: 19.130 GC heap before
{Heap before GC invocations=21 (full 0):
 garbage-first heap   total 203776K, used 147885K [0x0000000080000000, 0x0000000100000000)
  region size 1024K, 76 young (77824K), 7 survivors (7168K)
 Metaspace       used 67573K, committed 68160K, reserved 1114112K
  class space    used 9138K, committed 9472K, reserved 1048576K
}
Event: 19.134 GC heap after
{Heap after GC invocations=22 (full 0):
 garbage-first heap   total 203776K, used 81362K [0x0000000080000000, 0x0000000100000000)
  region size 1024K, 5 young (5120K), 5 survivors (5120K)
 Metaspace       used 67573K, committed 68160K, reserved 1114112K
  class space    used 9138K, committed 9472K, reserved 1048576K
}
Event: 19.500 GC heap before
{Heap before GC invocations=22 (full 0):
 garbage-first heap   total 203776K, used 149970K [0x0000000080000000, 0x0000000100000000)
  region size 1024K, 72 young (73728K), 5 survivors (5120K)
 Metaspace       used 69627K, committed 70272K, reserved 1114112K
  class space    used 9443K, committed 9792K, reserved 1048576K
}
Event: 19.505 GC heap after
{Heap after GC invocations=23 (full 0):
 garbage-first heap   total 203776K, used 86947K [0x0000000080000000, 0x0000000100000000)
  region size 1024K, 9 young (9216K), 9 survivors (9216K)
 Metaspace       used 69627K, committed 70272K, reserved 1114112K
  class space    used 9443K, committed 9792K, reserved 1048576K
}

